Determining if the pthread_create exist failed with the following output:
Change Dir: /home/null/ros_ws/serial-example/build/CMakeFiles/CMakeTmp

Run Build Command:"/usr/bin/make" "cmTC_66adc/fast"
/usr/bin/make -f CMakeFiles/cmTC_66adc.dir/build.make CMakeFiles/cmTC_66adc.dir/build
make[1]: Entering directory '/home/null/ros_ws/serial-example/build/CMakeFiles/CMakeTmp'
Building C object CMakeFiles/cmTC_66adc.dir/CheckSymbolExists.c.o
/usr/bin/cc     -o CMakeFiles/cmTC_66adc.dir/CheckSymbolExists.c.o   -c /home/null/ros_ws/serial-example/build/CMakeFiles/CMakeTmp/CheckSymbolExists.c
Linking C executable cmTC_66adc
/usr/bin/cmake -E cmake_link_script CMakeFiles/cmTC_66adc.dir/link.txt --verbose=1
/usr/bin/cc       CMakeFiles/cmTC_66adc.dir/CheckSymbolExists.c.o  -o cmTC_66adc -rdynamic 
CMakeFiles/cmTC_66adc.dir/CheckSymbolExists.c.o：在函数‘main’中：
CheckSymbolExists.c:(.text+0x16)：对‘pthread_create’未定义的引用
collect2: error: ld returned 1 exit status
CMakeFiles/cmTC_66adc.dir/build.make:97: recipe for target 'cmTC_66adc' failed
make[1]: *** [cmTC_66adc] Error 1
make[1]: Leaving directory '/home/null/ros_ws/serial-example/build/CMakeFiles/CMakeTmp'
Makefile:126: recipe for target 'cmTC_66adc/fast' failed
make: *** [cmTC_66adc/fast] Error 2

File /home/null/ros_ws/serial-example/build/CMakeFiles/CMakeTmp/CheckSymbolExists.c:
/* */
#include <pthread.h>

int main(int argc, char** argv)
{
  (void)argv;
#ifndef pthread_create
  return ((int*)(&pthread_create))[argc];
#else
  (void)argc;
  return 0;
#endif
}

Determining if the function pthread_create exists in the pthreads failed with the following output:
Change Dir: /home/null/ros_ws/serial-example/build/CMakeFiles/CMakeTmp

Run Build Command:"/usr/bin/make" "cmTC_287b2/fast"
/usr/bin/make -f CMakeFiles/cmTC_287b2.dir/build.make CMakeFiles/cmTC_287b2.dir/build
make[1]: Entering directory '/home/null/ros_ws/serial-example/build/CMakeFiles/CMakeTmp'
Building C object CMakeFiles/cmTC_287b2.dir/CheckFunctionExists.c.o
/usr/bin/cc    -DCHECK_FUNCTION_EXISTS=pthread_create   -o CMakeFiles/cmTC_287b2.dir/CheckFunctionExists.c.o   -c /usr/share/cmake-3.5/Modules/CheckFunctionExists.c
Linking C executable cmTC_287b2
/usr/bin/cmake -E cmake_link_script CMakeFiles/cmTC_287b2.dir/link.txt --verbose=1
/usr/bin/cc   -DCHECK_FUNCTION_EXISTS=pthread_create    CMakeFiles/cmTC_287b2.dir/CheckFunctionExists.c.o  -o cmTC_287b2 -rdynamic -lpthreads 
/usr/bin/ld: 找不到 -lpthreads
collect2: error: ld returned 1 exit status
CMakeFiles/cmTC_287b2.dir/build.make:97: recipe for target 'cmTC_287b2' failed
make[1]: *** [cmTC_287b2] Error 1
make[1]: Leaving directory '/home/null/ros_ws/serial-example/build/CMakeFiles/CMakeTmp'
Makefile:126: recipe for target 'cmTC_287b2/fast' failed
make: *** [cmTC_287b2/fast] Error 2


