Determining if the pthread_create exist failed with the following output:
Change Dir: /home/null/ros_ws/serial-example/src/serial-example/qt-build/CMakeFiles/CMakeTmp

Run Build Command:"/usr/bin/make" "cmTC_250bd/fast"
/usr/bin/make -f CMakeFiles/cmTC_250bd.dir/build.make CMakeFiles/cmTC_250bd.dir/build
make[1]: Entering directory '/home/null/ros_ws/serial-example/src/serial-example/qt-build/CMakeFiles/CMakeTmp'
Building C object CMakeFiles/cmTC_250bd.dir/CheckSymbolExists.c.o
/usr/bin/cc     -o CMakeFiles/cmTC_250bd.dir/CheckSymbolExists.c.o   -c /home/null/ros_ws/serial-example/src/serial-example/qt-build/CMakeFiles/CMakeTmp/CheckSymbolExists.c
Linking C executable cmTC_250bd
/usr/bin/cmake -E cmake_link_script CMakeFiles/cmTC_250bd.dir/link.txt --verbose=1
/usr/bin/cc       CMakeFiles/cmTC_250bd.dir/CheckSymbolExists.c.o  -o cmTC_250bd -rdynamic 
CMakeFiles/cmTC_250bd.dir/CheckSymbolExists.c.o：在函数‘main’中：
CheckSymbolExists.c:(.text+0x16)：对‘pthread_create’未定义的引用
collect2: error: ld returned 1 exit status
CMakeFiles/cmTC_250bd.dir/build.make:97: recipe for target 'cmTC_250bd' failed
make[1]: *** [cmTC_250bd] Error 1
make[1]: Leaving directory '/home/null/ros_ws/serial-example/src/serial-example/qt-build/CMakeFiles/CMakeTmp'
Makefile:126: recipe for target 'cmTC_250bd/fast' failed
make: *** [cmTC_250bd/fast] Error 2

File /home/null/ros_ws/serial-example/src/serial-example/qt-build/CMakeFiles/CMakeTmp/CheckSymbolExists.c:
/* */
#include <pthread.h>

int main(int argc, char** argv)
{
  (void)argv;
#ifndef pthread_create
  return ((int*)(&pthread_create))[argc];
#else
  (void)argc;
  return 0;
#endif
}

Determining if the function pthread_create exists in the pthreads failed with the following output:
Change Dir: /home/null/ros_ws/serial-example/src/serial-example/qt-build/CMakeFiles/CMakeTmp

Run Build Command:"/usr/bin/make" "cmTC_399a7/fast"
/usr/bin/make -f CMakeFiles/cmTC_399a7.dir/build.make CMakeFiles/cmTC_399a7.dir/build
make[1]: Entering directory '/home/null/ros_ws/serial-example/src/serial-example/qt-build/CMakeFiles/CMakeTmp'
Building C object CMakeFiles/cmTC_399a7.dir/CheckFunctionExists.c.o
/usr/bin/cc    -DCHECK_FUNCTION_EXISTS=pthread_create   -o CMakeFiles/cmTC_399a7.dir/CheckFunctionExists.c.o   -c /usr/share/cmake-3.5/Modules/CheckFunctionExists.c
Linking C executable cmTC_399a7
/usr/bin/cmake -E cmake_link_script CMakeFiles/cmTC_399a7.dir/link.txt --verbose=1
/usr/bin/cc   -DCHECK_FUNCTION_EXISTS=pthread_create    CMakeFiles/cmTC_399a7.dir/CheckFunctionExists.c.o  -o cmTC_399a7 -rdynamic -lpthreads 
/usr/bin/ld: 找不到 -lpthreads
collect2: error: ld returned 1 exit status
CMakeFiles/cmTC_399a7.dir/build.make:97: recipe for target 'cmTC_399a7' failed
make[1]: *** [cmTC_399a7] Error 1
make[1]: Leaving directory '/home/null/ros_ws/serial-example/src/serial-example/qt-build/CMakeFiles/CMakeTmp'
Makefile:126: recipe for target 'cmTC_399a7/fast' failed
make: *** [cmTC_399a7/fast] Error 2


